<?xml version="1.0" encoding="UTF-8"?>
<testsuite xmlns:xsi="http://www.w3.org/2001/XMLSchema-instance" xsi:noNamespaceSchemaLocation="https://maven.apache.org/surefire/maven-surefire-plugin/xsd/surefire-test-report.xsd" version="3.0.2" name="com.hackathon.myhackathonapp.myhackathonappApplicationTests" time="3.339" tests="1" errors="0" skipped="0" failures="0">
  <properties>
    <property name="java.specification.version" value="17"/>
    <property name="sun.cpu.isalist" value="amd64"/>
    <property name="sun.jnu.encoding" value="Cp1252"/>
    <property name="java.class.path" value="C:\Users\anuga\OneDrive\Documents\Gangambika\Hackathon app\myhackathonapp\myhackathonapp\target\test-classes;C:\Users\anuga\OneDrive\Documents\Gangambika\Hackathon app\myhackathonapp\myhackathonapp\target\classes;C:\Users\anuga\.m2\repository\org\springframework\boot\spring-boot-starter-web\3.4.7-SNAPSHOT\spring-boot-starter-web-3.4.7-SNAPSHOT.jar;C:\Users\anuga\.m2\repository\org\springframework\boot\spring-boot-starter\3.4.7-SNAPSHOT\spring-boot-starter-3.4.7-SNAPSHOT.jar;C:\Users\anuga\.m2\repository\org\springframework\boot\spring-boot\3.4.7-SNAPSHOT\spring-boot-3.4.7-SNAPSHOT.jar;C:\Users\anuga\.m2\repository\org\springframework\boot\spring-boot-autoconfigure\3.4.7-SNAPSHOT\spring-boot-autoconfigure-3.4.7-SNAPSHOT.jar;C:\Users\anuga\.m2\repository\org\springframework\boot\spring-boot-starter-logging\3.4.7-SNAPSHOT\spring-boot-starter-logging-3.4.7-SNAPSHOT.jar;C:\Users\anuga\.m2\repository\ch\qos\logback\logback-classic\1.5.18\logback-classic-1.5.18.jar;C:\Users\anuga\.m2\repository\ch\qos\logback\logback-core\1.5.18\logback-core-1.5.18.jar;C:\Users\anuga\.m2\repository\org\apache\logging\log4j\log4j-to-slf4j\2.24.3\log4j-to-slf4j-2.24.3.jar;C:\Users\anuga\.m2\repository\org\apache\logging\log4j\log4j-api\2.24.3\log4j-api-2.24.3.jar;C:\Users\anuga\.m2\repository\org\slf4j\jul-to-slf4j\2.0.17\jul-to-slf4j-2.0.17.jar;C:\Users\anuga\.m2\repository\jakarta\annotation\jakarta.annotation-api\2.1.1\jakarta.annotation-api-2.1.1.jar;C:\Users\anuga\.m2\repository\org\yaml\snakeyaml\2.3\snakeyaml-2.3.jar;C:\Users\anuga\.m2\repository\org\springframework\boot\spring-boot-starter-json\3.4.7-SNAPSHOT\spring-boot-starter-json-3.4.7-SNAPSHOT.jar;C:\Users\anuga\.m2\repository\com\fasterxml\jackson\core\jackson-databind\2.18.4\jackson-databind-2.18.4.jar;C:\Users\anuga\.m2\repository\com\fasterxml\jackson\core\jackson-annotations\2.18.4\jackson-annotations-2.18.4.jar;C:\Users\anuga\.m2\repository\com\fasterxml\jackson\core\jackson-core\2.18.4\jackson-core-2.18.4.jar;C:\Users\anuga\.m2\repository\com\fasterxml\jackson\datatype\jackson-datatype-jdk8\2.18.4\jackson-datatype-jdk8-2.18.4.jar;C:\Users\anuga\.m2\repository\com\fasterxml\jackson\datatype\jackson-datatype-jsr310\2.18.4\jackson-datatype-jsr310-2.18.4.jar;C:\Users\anuga\.m2\repository\com\fasterxml\jackson\module\jackson-module-parameter-names\2.18.4\jackson-module-parameter-names-2.18.4.jar;C:\Users\anuga\.m2\repository\org\springframework\boot\spring-boot-starter-tomcat\3.4.7-SNAPSHOT\spring-boot-starter-tomcat-3.4.7-SNAPSHOT.jar;C:\Users\anuga\.m2\repository\org\apache\tomcat\embed\tomcat-embed-core\10.1.41\tomcat-embed-core-10.1.41.jar;C:\Users\anuga\.m2\repository\org\apache\tomcat\embed\tomcat-embed-el\10.1.41\tomcat-embed-el-10.1.41.jar;C:\Users\anuga\.m2\repository\org\apache\tomcat\embed\tomcat-embed-websocket\10.1.41\tomcat-embed-websocket-10.1.41.jar;C:\Users\anuga\.m2\repository\org\springframework\spring-web\6.2.8-SNAPSHOT\spring-web-6.2.8-SNAPSHOT.jar;C:\Users\anuga\.m2\repository\org\springframework\spring-beans\6.2.8-SNAPSHOT\spring-beans-6.2.8-SNAPSHOT.jar;C:\Users\anuga\.m2\repository\io\micrometer\micrometer-observation\1.14.8-SNAPSHOT\micrometer-observation-1.14.8-SNAPSHOT.jar;C:\Users\anuga\.m2\repository\io\micrometer\micrometer-commons\1.14.8-SNAPSHOT\micrometer-commons-1.14.8-SNAPSHOT.jar;C:\Users\anuga\.m2\repository\org\springframework\spring-webmvc\6.2.8-SNAPSHOT\spring-webmvc-6.2.8-SNAPSHOT.jar;C:\Users\anuga\.m2\repository\org\springframework\spring-aop\6.2.8-SNAPSHOT\spring-aop-6.2.8-SNAPSHOT.jar;C:\Users\anuga\.m2\repository\org\springframework\spring-context\6.2.8-SNAPSHOT\spring-context-6.2.8-SNAPSHOT.jar;C:\Users\anuga\.m2\repository\org\springframework\spring-expression\6.2.8-SNAPSHOT\spring-expression-6.2.8-SNAPSHOT.jar;C:\Users\anuga\.m2\repository\org\springframework\boot\spring-boot-starter-test\3.4.7-SNAPSHOT\spring-boot-starter-test-3.4.7-SNAPSHOT.jar;C:\Users\anuga\.m2\repository\org\springframework\boot\spring-boot-test\3.4.7-SNAPSHOT\spring-boot-test-3.4.7-SNAPSHOT.jar;C:\Users\anuga\.m2\repository\org\springframework\boot\spring-boot-test-autoconfigure\3.4.7-SNAPSHOT\spring-boot-test-autoconfigure-3.4.7-SNAPSHOT.jar;C:\Users\anuga\.m2\repository\com\jayway\jsonpath\json-path\2.9.0\json-path-2.9.0.jar;C:\Users\anuga\.m2\repository\org\slf4j\slf4j-api\2.0.17\slf4j-api-2.0.17.jar;C:\Users\anuga\.m2\repository\jakarta\xml\bind\jakarta.xml.bind-api\4.0.2\jakarta.xml.bind-api-4.0.2.jar;C:\Users\anuga\.m2\repository\jakarta\activation\jakarta.activation-api\2.1.3\jakarta.activation-api-2.1.3.jar;C:\Users\anuga\.m2\repository\net\minidev\json-smart\2.5.2\json-smart-2.5.2.jar;C:\Users\anuga\.m2\repository\net\minidev\accessors-smart\2.5.2\accessors-smart-2.5.2.jar;C:\Users\anuga\.m2\repository\org\ow2\asm\asm\9.7.1\asm-9.7.1.jar;C:\Users\anuga\.m2\repository\org\assertj\assertj-core\3.26.3\assertj-core-3.26.3.jar;C:\Users\anuga\.m2\repository\net\bytebuddy\byte-buddy\1.15.11\byte-buddy-1.15.11.jar;C:\Users\anuga\.m2\repository\org\awaitility\awaitility\4.2.2\awaitility-4.2.2.jar;C:\Users\anuga\.m2\repository\org\hamcrest\hamcrest\2.2\hamcrest-2.2.jar;C:\Users\anuga\.m2\repository\org\junit\jupiter\junit-jupiter\5.11.4\junit-jupiter-5.11.4.jar;C:\Users\anuga\.m2\repository\org\junit\jupiter\junit-jupiter-api\5.11.4\junit-jupiter-api-5.11.4.jar;C:\Users\anuga\.m2\repository\org\opentest4j\opentest4j\1.3.0\opentest4j-1.3.0.jar;C:\Users\anuga\.m2\repository\org\junit\platform\junit-platform-commons\1.11.4\junit-platform-commons-1.11.4.jar;C:\Users\anuga\.m2\repository\org\apiguardian\apiguardian-api\1.1.2\apiguardian-api-1.1.2.jar;C:\Users\anuga\.m2\repository\org\junit\jupiter\junit-jupiter-params\5.11.4\junit-jupiter-params-5.11.4.jar;C:\Users\anuga\.m2\repository\org\junit\jupiter\junit-jupiter-engine\5.11.4\junit-jupiter-engine-5.11.4.jar;C:\Users\anuga\.m2\repository\org\junit\platform\junit-platform-engine\1.11.4\junit-platform-engine-1.11.4.jar;C:\Users\anuga\.m2\repository\org\mockito\mockito-core\5.14.2\mockito-core-5.14.2.jar;C:\Users\anuga\.m2\repository\net\bytebuddy\byte-buddy-agent\1.15.11\byte-buddy-agent-1.15.11.jar;C:\Users\anuga\.m2\repository\org\objenesis\objenesis\3.3\objenesis-3.3.jar;C:\Users\anuga\.m2\repository\org\mockito\mockito-junit-jupiter\5.14.2\mockito-junit-jupiter-5.14.2.jar;C:\Users\anuga\.m2\repository\org\skyscreamer\jsonassert\1.5.3\jsonassert-1.5.3.jar;C:\Users\anuga\.m2\repository\com\vaadin\external\google\android-json\0.0.20131108.vaadin1\android-json-0.0.20131108.vaadin1.jar;C:\Users\anuga\.m2\repository\org\springframework\spring-core\6.2.8-SNAPSHOT\spring-core-6.2.8-SNAPSHOT.jar;C:\Users\anuga\.m2\repository\org\springframework\spring-jcl\6.2.8-SNAPSHOT\spring-jcl-6.2.8-SNAPSHOT.jar;C:\Users\anuga\.m2\repository\org\springframework\spring-test\6.2.8-SNAPSHOT\spring-test-6.2.8-SNAPSHOT.jar;C:\Users\anuga\.m2\repository\org\xmlunit\xmlunit-core\2.10.2\xmlunit-core-2.10.2.jar;"/>
    <property name="java.vm.vendor" value="Microsoft"/>
    <property name="sun.arch.data.model" value="64"/>
    <property name="user.variant" value=""/>
    <property name="java.vendor.url" value="https://www.microsoft.com"/>
    <property name="user.timezone" value="Asia/Calcutta"/>
    <property name="os.name" value="Windows 11"/>
    <property name="java.vm.specification.version" value="17"/>
    <property name="APPLICATION_NAME" value="myhackathonapp"/>
    <property name="sun.java.launcher" value="SUN_STANDARD"/>
    <property name="user.country" value="IN"/>
    <property name="sun.boot.library.path" value="C:\Users\anuga\.jdks\ms-17.0.15\bin"/>
    <property name="sun.java.command" value="C:\Users\anuga\AppData\Local\Temp\surefire1916407702789078386\surefirebooter-20250610210812392_3.jar C:\Users\anuga\AppData\Local\Temp\surefire1916407702789078386 2025-06-10T21-08-11_973-jvmRun1 surefire-20250610210812392_1tmp surefire_0-20250610210812392_2tmp"/>
    <property name="jdk.debug" value="release"/>
    <property name="surefire.test.class.path" value="C:\Users\anuga\OneDrive\Documents\Gangambika\Hackathon app\myhackathonapp\myhackathonapp\target\test-classes;C:\Users\anuga\OneDrive\Documents\Gangambika\Hackathon app\myhackathonapp\myhackathonapp\target\classes;C:\Users\anuga\.m2\repository\org\springframework\boot\spring-boot-starter-web\3.4.7-SNAPSHOT\spring-boot-starter-web-3.4.7-SNAPSHOT.jar;C:\Users\anuga\.m2\repository\org\springframework\boot\spring-boot-starter\3.4.7-SNAPSHOT\spring-boot-starter-3.4.7-SNAPSHOT.jar;C:\Users\anuga\.m2\repository\org\springframework\boot\spring-boot\3.4.7-SNAPSHOT\spring-boot-3.4.7-SNAPSHOT.jar;C:\Users\anuga\.m2\repository\org\springframework\boot\spring-boot-autoconfigure\3.4.7-SNAPSHOT\spring-boot-autoconfigure-3.4.7-SNAPSHOT.jar;C:\Users\anuga\.m2\repository\org\springframework\boot\spring-boot-starter-logging\3.4.7-SNAPSHOT\spring-boot-starter-logging-3.4.7-SNAPSHOT.jar;C:\Users\anuga\.m2\repository\ch\qos\logback\logback-classic\1.5.18\logback-classic-1.5.18.jar;C:\Users\anuga\.m2\repository\ch\qos\logback\logback-core\1.5.18\logback-core-1.5.18.jar;C:\Users\anuga\.m2\repository\org\apache\logging\log4j\log4j-to-slf4j\2.24.3\log4j-to-slf4j-2.24.3.jar;C:\Users\anuga\.m2\repository\org\apache\logging\log4j\log4j-api\2.24.3\log4j-api-2.24.3.jar;C:\Users\anuga\.m2\repository\org\slf4j\jul-to-slf4j\2.0.17\jul-to-slf4j-2.0.17.jar;C:\Users\anuga\.m2\repository\jakarta\annotation\jakarta.annotation-api\2.1.1\jakarta.annotation-api-2.1.1.jar;C:\Users\anuga\.m2\repository\org\yaml\snakeyaml\2.3\snakeyaml-2.3.jar;C:\Users\anuga\.m2\repository\org\springframework\boot\spring-boot-starter-json\3.4.7-SNAPSHOT\spring-boot-starter-json-3.4.7-SNAPSHOT.jar;C:\Users\anuga\.m2\repository\com\fasterxml\jackson\core\jackson-databind\2.18.4\jackson-databind-2.18.4.jar;C:\Users\anuga\.m2\repository\com\fasterxml\jackson\core\jackson-annotations\2.18.4\jackson-annotations-2.18.4.jar;C:\Users\anuga\.m2\repository\com\fasterxml\jackson\core\jackson-core\2.18.4\jackson-core-2.18.4.jar;C:\Users\anuga\.m2\repository\com\fasterxml\jackson\datatype\jackson-datatype-jdk8\2.18.4\jackson-datatype-jdk8-2.18.4.jar;C:\Users\anuga\.m2\repository\com\fasterxml\jackson\datatype\jackson-datatype-jsr310\2.18.4\jackson-datatype-jsr310-2.18.4.jar;C:\Users\anuga\.m2\repository\com\fasterxml\jackson\module\jackson-module-parameter-names\2.18.4\jackson-module-parameter-names-2.18.4.jar;C:\Users\anuga\.m2\repository\org\springframework\boot\spring-boot-starter-tomcat\3.4.7-SNAPSHOT\spring-boot-starter-tomcat-3.4.7-SNAPSHOT.jar;C:\Users\anuga\.m2\repository\org\apache\tomcat\embed\tomcat-embed-core\10.1.41\tomcat-embed-core-10.1.41.jar;C:\Users\anuga\.m2\repository\org\apache\tomcat\embed\tomcat-embed-el\10.1.41\tomcat-embed-el-10.1.41.jar;C:\Users\anuga\.m2\repository\org\apache\tomcat\embed\tomcat-embed-websocket\10.1.41\tomcat-embed-websocket-10.1.41.jar;C:\Users\anuga\.m2\repository\org\springframework\spring-web\6.2.8-SNAPSHOT\spring-web-6.2.8-SNAPSHOT.jar;C:\Users\anuga\.m2\repository\org\springframework\spring-beans\6.2.8-SNAPSHOT\spring-beans-6.2.8-SNAPSHOT.jar;C:\Users\anuga\.m2\repository\io\micrometer\micrometer-observation\1.14.8-SNAPSHOT\micrometer-observation-1.14.8-SNAPSHOT.jar;C:\Users\anuga\.m2\repository\io\micrometer\micrometer-commons\1.14.8-SNAPSHOT\micrometer-commons-1.14.8-SNAPSHOT.jar;C:\Users\anuga\.m2\repository\org\springframework\spring-webmvc\6.2.8-SNAPSHOT\spring-webmvc-6.2.8-SNAPSHOT.jar;C:\Users\anuga\.m2\repository\org\springframework\spring-aop\6.2.8-SNAPSHOT\spring-aop-6.2.8-SNAPSHOT.jar;C:\Users\anuga\.m2\repository\org\springframework\spring-context\6.2.8-SNAPSHOT\spring-context-6.2.8-SNAPSHOT.jar;C:\Users\anuga\.m2\repository\org\springframework\spring-expression\6.2.8-SNAPSHOT\spring-expression-6.2.8-SNAPSHOT.jar;C:\Users\anuga\.m2\repository\org\springframework\boot\spring-boot-starter-test\3.4.7-SNAPSHOT\spring-boot-starter-test-3.4.7-SNAPSHOT.jar;C:\Users\anuga\.m2\repository\org\springframework\boot\spring-boot-test\3.4.7-SNAPSHOT\spring-boot-test-3.4.7-SNAPSHOT.jar;C:\Users\anuga\.m2\repository\org\springframework\boot\spring-boot-test-autoconfigure\3.4.7-SNAPSHOT\spring-boot-test-autoconfigure-3.4.7-SNAPSHOT.jar;C:\Users\anuga\.m2\repository\com\jayway\jsonpath\json-path\2.9.0\json-path-2.9.0.jar;C:\Users\anuga\.m2\repository\org\slf4j\slf4j-api\2.0.17\slf4j-api-2.0.17.jar;C:\Users\anuga\.m2\repository\jakarta\xml\bind\jakarta.xml.bind-api\4.0.2\jakarta.xml.bind-api-4.0.2.jar;C:\Users\anuga\.m2\repository\jakarta\activation\jakarta.activation-api\2.1.3\jakarta.activation-api-2.1.3.jar;C:\Users\anuga\.m2\repository\net\minidev\json-smart\2.5.2\json-smart-2.5.2.jar;C:\Users\anuga\.m2\repository\net\minidev\accessors-smart\2.5.2\accessors-smart-2.5.2.jar;C:\Users\anuga\.m2\repository\org\ow2\asm\asm\9.7.1\asm-9.7.1.jar;C:\Users\anuga\.m2\repository\org\assertj\assertj-core\3.26.3\assertj-core-3.26.3.jar;C:\Users\anuga\.m2\repository\net\bytebuddy\byte-buddy\1.15.11\byte-buddy-1.15.11.jar;C:\Users\anuga\.m2\repository\org\awaitility\awaitility\4.2.2\awaitility-4.2.2.jar;C:\Users\anuga\.m2\repository\org\hamcrest\hamcrest\2.2\hamcrest-2.2.jar;C:\Users\anuga\.m2\repository\org\junit\jupiter\junit-jupiter\5.11.4\junit-jupiter-5.11.4.jar;C:\Users\anuga\.m2\repository\org\junit\jupiter\junit-jupiter-api\5.11.4\junit-jupiter-api-5.11.4.jar;C:\Users\anuga\.m2\repository\org\opentest4j\opentest4j\1.3.0\opentest4j-1.3.0.jar;C:\Users\anuga\.m2\repository\org\junit\platform\junit-platform-commons\1.11.4\junit-platform-commons-1.11.4.jar;C:\Users\anuga\.m2\repository\org\apiguardian\apiguardian-api\1.1.2\apiguardian-api-1.1.2.jar;C:\Users\anuga\.m2\repository\org\junit\jupiter\junit-jupiter-params\5.11.4\junit-jupiter-params-5.11.4.jar;C:\Users\anuga\.m2\repository\org\junit\jupiter\junit-jupiter-engine\5.11.4\junit-jupiter-engine-5.11.4.jar;C:\Users\anuga\.m2\repository\org\junit\platform\junit-platform-engine\1.11.4\junit-platform-engine-1.11.4.jar;C:\Users\anuga\.m2\repository\org\mockito\mockito-core\5.14.2\mockito-core-5.14.2.jar;C:\Users\anuga\.m2\repository\net\bytebuddy\byte-buddy-agent\1.15.11\byte-buddy-agent-1.15.11.jar;C:\Users\anuga\.m2\repository\org\objenesis\objenesis\3.3\objenesis-3.3.jar;C:\Users\anuga\.m2\repository\org\mockito\mockito-junit-jupiter\5.14.2\mockito-junit-jupiter-5.14.2.jar;C:\Users\anuga\.m2\repository\org\skyscreamer\jsonassert\1.5.3\jsonassert-1.5.3.jar;C:\Users\anuga\.m2\repository\com\vaadin\external\google\android-json\0.0.20131108.vaadin1\android-json-0.0.20131108.vaadin1.jar;C:\Users\anuga\.m2\repository\org\springframework\spring-core\6.2.8-SNAPSHOT\spring-core-6.2.8-SNAPSHOT.jar;C:\Users\anuga\.m2\repository\org\springframework\spring-jcl\6.2.8-SNAPSHOT\spring-jcl-6.2.8-SNAPSHOT.jar;C:\Users\anuga\.m2\repository\org\springframework\spring-test\6.2.8-SNAPSHOT\spring-test-6.2.8-SNAPSHOT.jar;C:\Users\anuga\.m2\repository\org\xmlunit\xmlunit-core\2.10.2\xmlunit-core-2.10.2.jar;"/>
    <property name="sun.cpu.endian" value="little"/>
    <property name="user.home" value="C:\Users\anuga"/>
    <property name="user.language" value="en"/>
    <property name="java.specification.vendor" value="Oracle Corporation"/>
    <property name="java.version.date" value="2025-04-15"/>
    <property name="java.home" value="C:\Users\anuga\.jdks\ms-17.0.15"/>
    <property name="file.separator" value="\"/>
    <property name="basedir" value="C:\Users\anuga\OneDrive\Documents\Gangambika\Hackathon app\myhackathonapp\myhackathonapp"/>
    <property name="java.vm.compressedOopsMode" value="Zero based"/>
    <property name="line.separator" value="&#10;"/>
    <property name="java.vm.specification.vendor" value="Oracle Corporation"/>
    <property name="java.specification.name" value="Java Platform API Specification"/>
    <property name="FILE_LOG_CHARSET" value="windows-1252"/>
    <property name="java.awt.headless" value="true"/>
    <property name="surefire.real.class.path" value="C:\Users\anuga\AppData\Local\Temp\surefire1916407702789078386\surefirebooter-20250610210812392_3.jar"/>
    <property name="user.script" value=""/>
    <property name="sun.management.compiler" value="HotSpot 64-Bit Tiered Compilers"/>
    <property name="java.runtime.version" value="17.0.15+6-LTS"/>
    <property name="user.name" value="anuga"/>
    <property name="path.separator" value=";"/>
    <property name="os.version" value="10.0"/>
    <property name="java.runtime.name" value="OpenJDK Runtime Environment"/>
    <property name="file.encoding" value="Cp1252"/>
    <property name="java.vm.name" value="OpenJDK 64-Bit Server VM"/>
    <property name="java.vendor.version" value="Microsoft-11369865"/>
    <property name="localRepository" value="C:\Users\anuga\.m2\repository"/>
    <property name="java.vendor.url.bug" value="https://github.com/microsoft/openjdk/issues"/>
    <property name="java.io.tmpdir" value="C:\Users\anuga\AppData\Local\Temp\"/>
    <property name="idea.version" value="2025.1.2"/>
    <property name="java.version" value="17.0.15"/>
    <property name="user.dir" value="C:\Users\anuga\OneDrive\Documents\Gangambika\Hackathon app\myhackathonapp\myhackathonapp"/>
    <property name="os.arch" value="amd64"/>
    <property name="java.vm.specification.name" value="Java Virtual Machine Specification"/>
    <property name="PID" value="31252"/>
    <property name="sun.os.patch.level" value=""/>
    <property name="CONSOLE_LOG_CHARSET" value="windows-1252"/>
    <property name="native.encoding" value="Cp1252"/>
    <property name="java.library.path" value="C:\Users\anuga\.jdks\ms-17.0.15\bin;C:\Windows\Sun\Java\bin;C:\Windows\system32;C:\Windows;C:\Windows\system32;C:\Windows;C:\Windows\System32\Wbem;C:\Windows\System32\WindowsPowerShell\v1.0\;C:\Windows\System32\OpenSSH\;C:\Program Files\dotnet\;C:\Users\anuga\AppData\Local\Microsoft\WindowsApps;;D:\Gangambika\IntelliJ IDEA 2025.1.2\bin;;."/>
    <property name="java.vm.info" value="mixed mode, sharing"/>
    <property name="java.vendor" value="Microsoft"/>
    <property name="java.vm.version" value="17.0.15+6-LTS"/>
    <property name="java.specification.maintenance.version" value="1"/>
    <property name="sun.io.unicode.encoding" value="UnicodeLittle"/>
    <property name="java.class.version" value="61.0"/>
    <property name="LOGGED_APPLICATION_NAME" value="[myhackathonapp] "/>
  </properties>
  <testcase name="contextLoads" classname="com.hackathon.myhackathonapp.myhackathonappApplicationTests" time="0.774">
    <system-out><![CDATA[21:08:13.877 [main] INFO org.springframework.test.context.support.AnnotationConfigContextLoaderUtils -- Could not detect default configuration classes for test class [com.hackathon.myhackathonapp.myhackathonappApplicationTests]: myhackathonappApplicationTests does not declare any static, non-private, non-final, nested classes annotated with @Configuration.
21:08:14.030 [main] INFO org.springframework.boot.test.context.SpringBootTestContextBootstrapper -- Found @SpringBootConfiguration com.hackathon.myhackathonapp.myhackathonappApplication for test class com.hackathon.myhackathonapp.myhackathonappApplicationTests

  .   ____          _            __ _ _
 /\\ / ___'_ __ _ _(_)_ __  __ _ \ \ \ \
( ( )\___ | '_ | '_| | '_ \/ _` | \ \ \ \
 \\/  ___)| |_)| | | | | || (_| |  ) ) ) )
  '  |____| .__|_| |_|_| |_\__, | / / / /
 =========|_|==============|___/=/_/_/_/

 :: Spring Boot ::       (v3.4.7-SNAPSHOT)

2025-06-10T21:08:14.636+05:30  INFO 31252 --- [myhackathonapp] [           main] c.h.m.myhackathonappApplicationTests     : Starting myhackathonappApplicationTests using Java 17.0.15 with PID 31252 (started by anuga in C:\Users\anuga\OneDrive\Documents\Gangambika\Hackathon app\myhackathonapp\myhackathonapp)
2025-06-10T21:08:14.639+05:30  INFO 31252 --- [myhackathonapp] [           main] c.h.m.myhackathonappApplicationTests     : No active profile set, falling back to 1 default profile: "default"
2025-06-10T21:08:16.234+05:30  INFO 31252 --- [myhackathonapp] [           main] c.h.m.myhackathonappApplicationTests     : Started myhackathonappApplicationTests in 1.972 seconds (process running for 3.633)
]]></system-out>
  </testcase>
</testsuite>